<?xml version="1.0" encoding="UTF-8"?>
<coverage generated="1713432998120" clover="3.2.0">
  <project timestamp="1713432998121" name="All files">
    <metrics statements="18" coveredstatements="18" conditionals="16" coveredconditionals="14" methods="5" coveredmethods="5" elements="39" coveredelements="37" complexity="0" loc="18" ncloc="18" packages="1" files="1" classes="1"/>
    <file name="walletJwt.js" path="/media/cly/D/workspace1/jwt_test/jwt-lib/src/walletJwt.js">
      <metrics statements="18" coveredstatements="18" conditionals="16" coveredconditionals="14" methods="5" coveredmethods="5"/>
      <line num="15" count="5" type="stmt"/>
      <line num="16" count="5" type="cond" truecount="2" falsecount="0"/>
      <line num="17" count="1" type="stmt"/>
      <line num="21" count="4" type="cond" truecount="4" falsecount="0"/>
      <line num="22" count="3" type="stmt"/>
      <line num="25" count="4" type="cond" truecount="2" falsecount="0"/>
      <line num="27" count="3" type="stmt"/>
      <line num="29" count="1" type="stmt"/>
      <line num="36" count="1" type="stmt"/>
      <line num="42" count="1" type="stmt"/>
      <line num="48" count="5" type="cond" truecount="1" falsecount="1"/>
      <line num="49" count="5" type="stmt"/>
      <line num="59" count="7" type="stmt"/>
      <line num="61" count="7" type="cond" truecount="2" falsecount="0"/>
      <line num="62" count="2" type="cond" truecount="3" falsecount="1"/>
      <line num="63" count="2" type="stmt"/>
      <line num="65" count="2" type="stmt"/>
      <line num="68" count="7" type="stmt"/>
    </file>
  </project>
</coverage>
