{"/media/cly/D/workspace1/jwt_test/jwt-lib/src/walletJwt.js": {"path":"/media/cly/D/workspace1/jwt_test/jwt-lib/src/walletJwt.js","statementMap":{"0":{"start":{"line":15,"column":32},"end":{"line":15,"column":36}},"1":{"start":{"line":16,"column":4},"end":{"line":18,"column":5}},"2":{"start":{"line":17,"column":6},"end":{"line":17,"column":46}},"3":{"start":{"line":21,"column":4},"end":{"line":23,"column":5}},"4":{"start":{"line":22,"column":6},"end":{"line":22,"column":27}},"5":{"start":{"line":25,"column":4},"end":{"line":30,"column":5}},"6":{"start":{"line":27,"column":6},"end":{"line":27,"column":74}},"7":{"start":{"line":29,"column":6},"end":{"line":29,"column":46}},"8":{"start":{"line":36,"column":4},"end":{"line":36,"column":30}},"9":{"start":{"line":42,"column":4},"end":{"line":42,"column":58}},"10":{"start":{"line":48,"column":19},"end":{"line":48,"column":82}},"11":{"start":{"line":49,"column":4},"end":{"line":54,"column":5}},"12":{"start":{"line":59,"column":18},"end":{"line":59,"column":22}},"13":{"start":{"line":61,"column":4},"end":{"line":66,"column":5}},"14":{"start":{"line":62,"column":6},"end":{"line":64,"column":7}},"15":{"start":{"line":63,"column":8},"end":{"line":63,"column":29}},"16":{"start":{"line":65,"column":6},"end":{"line":65,"column":41}},"17":{"start":{"line":68,"column":4},"end":{"line":68,"column":65}}},"fnMap":{"0":{"name":"(anonymous_0)","decl":{"start":{"line":13,"column":2},"end":{"line":13,"column":3}},"loc":{"start":{"line":13,"column":31},"end":{"line":31,"column":3}},"line":13},"1":{"name":"(anonymous_1)","decl":{"start":{"line":34,"column":2},"end":{"line":34,"column":3}},"loc":{"start":{"line":34,"column":28},"end":{"line":37,"column":3}},"line":34},"2":{"name":"(anonymous_2)","decl":{"start":{"line":40,"column":2},"end":{"line":40,"column":3}},"loc":{"start":{"line":40,"column":33},"end":{"line":43,"column":3}},"line":40},"3":{"name":"(anonymous_3)","decl":{"start":{"line":46,"column":2},"end":{"line":46,"column":3}},"loc":{"start":{"line":46,"column":20},"end":{"line":55,"column":3}},"line":46},"4":{"name":"(anonymous_4)","decl":{"start":{"line":58,"column":2},"end":{"line":58,"column":3}},"loc":{"start":{"line":58,"column":30},"end":{"line":69,"column":3}},"line":58}},"branchMap":{"0":{"loc":{"start":{"line":16,"column":4},"end":{"line":18,"column":5}},"type":"if","locations":[{"start":{"line":16,"column":4},"end":{"line":18,"column":5}},{"start":{},"end":{}}],"line":16},"1":{"loc":{"start":{"line":21,"column":4},"end":{"line":23,"column":5}},"type":"if","locations":[{"start":{"line":21,"column":4},"end":{"line":23,"column":5}},{"start":{},"end":{}}],"line":21},"2":{"loc":{"start":{"line":21,"column":7},"end":{"line":21,"column":51}},"type":"binary-expr","locations":[{"start":{"line":21,"column":7},"end":{"line":21,"column":24}},{"start":{"line":21,"column":28},"end":{"line":21,"column":51}}],"line":21},"3":{"loc":{"start":{"line":25,"column":4},"end":{"line":30,"column":5}},"type":"if","locations":[{"start":{"line":25,"column":4},"end":{"line":30,"column":5}},{"start":{"line":28,"column":11},"end":{"line":30,"column":5}}],"line":25},"4":{"loc":{"start":{"line":48,"column":19},"end":{"line":48,"column":82}},"type":"cond-expr","locations":[{"start":{"line":48,"column":37},"end":{"line":48,"column":54}},{"start":{"line":48,"column":57},"end":{"line":48,"column":82}}],"line":48},"5":{"loc":{"start":{"line":61,"column":4},"end":{"line":66,"column":5}},"type":"if","locations":[{"start":{"line":61,"column":4},"end":{"line":66,"column":5}},{"start":{},"end":{}}],"line":61},"6":{"loc":{"start":{"line":62,"column":6},"end":{"line":64,"column":7}},"type":"if","locations":[{"start":{"line":62,"column":6},"end":{"line":64,"column":7}},{"start":{},"end":{}}],"line":62},"7":{"loc":{"start":{"line":62,"column":9},"end":{"line":62,"column":53}},"type":"binary-expr","locations":[{"start":{"line":62,"column":9},"end":{"line":62,"column":26}},{"start":{"line":62,"column":30},"end":{"line":62,"column":53}}],"line":62}},"s":{"0":5,"1":5,"2":1,"3":4,"4":3,"5":4,"6":3,"7":1,"8":1,"9":1,"10":5,"11":5,"12":7,"13":7,"14":2,"15":2,"16":2,"17":7},"f":{"0":5,"1":1,"2":1,"3":5,"4":7},"b":{"0":[1,4],"1":[3,1],"2":[4,4],"3":[3,1],"4":[5,0],"5":[2,5],"6":[2,0],"7":[2,2]},"_coverageSchema":"1a1c01bbd47fc00a2c39e90264f33305004495a9","hash":"24a9a5578f598d4f758b4bd76d0bf153faff62fd"}
}
