{"/media/cly/D/workspace1/jwt_test/jwt-lib/src/walletJwt.js": {"path":"/media/cly/D/workspace1/jwt_test/jwt-lib/src/walletJwt.js","statementMap":{"0":{"start":{"line":8,"column":32},"end":{"line":8,"column":36}},"1":{"start":{"line":9,"column":4},"end":{"line":11,"column":5}},"2":{"start":{"line":10,"column":6},"end":{"line":10,"column":45}},"3":{"start":{"line":13,"column":4},"end":{"line":15,"column":5}},"4":{"start":{"line":14,"column":6},"end":{"line":14,"column":29}},"5":{"start":{"line":16,"column":4},"end":{"line":21,"column":5}},"6":{"start":{"line":18,"column":6},"end":{"line":18,"column":74}},"7":{"start":{"line":20,"column":6},"end":{"line":20,"column":45}},"8":{"start":{"line":26,"column":4},"end":{"line":26,"column":30}},"9":{"start":{"line":32,"column":4},"end":{"line":32,"column":58}},"10":{"start":{"line":37,"column":19},"end":{"line":37,"column":36}},"11":{"start":{"line":38,"column":4},"end":{"line":43,"column":5}},"12":{"start":{"line":48,"column":18},"end":{"line":48,"column":22}},"13":{"start":{"line":49,"column":4},"end":{"line":51,"column":5}},"14":{"start":{"line":50,"column":6},"end":{"line":50,"column":35}},"15":{"start":{"line":53,"column":4},"end":{"line":57,"column":5}},"16":{"start":{"line":54,"column":6},"end":{"line":54,"column":126}},"17":{"start":{"line":56,"column":6},"end":{"line":56,"column":45}}},"fnMap":{"0":{"name":"(anonymous_0)","decl":{"start":{"line":7,"column":2},"end":{"line":7,"column":3}},"loc":{"start":{"line":7,"column":31},"end":{"line":22,"column":3}},"line":7},"1":{"name":"(anonymous_1)","decl":{"start":{"line":25,"column":2},"end":{"line":25,"column":3}},"loc":{"start":{"line":25,"column":28},"end":{"line":27,"column":3}},"line":25},"2":{"name":"(anonymous_2)","decl":{"start":{"line":30,"column":2},"end":{"line":30,"column":3}},"loc":{"start":{"line":30,"column":33},"end":{"line":33,"column":3}},"line":30},"3":{"name":"(anonymous_3)","decl":{"start":{"line":36,"column":2},"end":{"line":36,"column":3}},"loc":{"start":{"line":36,"column":20},"end":{"line":44,"column":3}},"line":36},"4":{"name":"(anonymous_4)","decl":{"start":{"line":47,"column":2},"end":{"line":47,"column":3}},"loc":{"start":{"line":47,"column":30},"end":{"line":58,"column":3}},"line":47}},"branchMap":{"0":{"loc":{"start":{"line":9,"column":4},"end":{"line":11,"column":5}},"type":"if","locations":[{"start":{"line":9,"column":4},"end":{"line":11,"column":5}},{"start":{},"end":{}}],"line":9},"1":{"loc":{"start":{"line":13,"column":4},"end":{"line":15,"column":5}},"type":"if","locations":[{"start":{"line":13,"column":4},"end":{"line":15,"column":5}},{"start":{},"end":{}}],"line":13},"2":{"loc":{"start":{"line":13,"column":7},"end":{"line":13,"column":49}},"type":"binary-expr","locations":[{"start":{"line":13,"column":7},"end":{"line":13,"column":30}},{"start":{"line":13,"column":34},"end":{"line":13,"column":49}}],"line":13},"3":{"loc":{"start":{"line":16,"column":4},"end":{"line":21,"column":5}},"type":"if","locations":[{"start":{"line":16,"column":4},"end":{"line":21,"column":5}},{"start":{"line":19,"column":11},"end":{"line":21,"column":5}}],"line":16},"4":{"loc":{"start":{"line":49,"column":4},"end":{"line":51,"column":5}},"type":"if","locations":[{"start":{"line":49,"column":4},"end":{"line":51,"column":5}},{"start":{},"end":{}}],"line":49},"5":{"loc":{"start":{"line":49,"column":7},"end":{"line":49,"column":55}},"type":"binary-expr","locations":[{"start":{"line":49,"column":7},"end":{"line":49,"column":33}},{"start":{"line":49,"column":37},"end":{"line":49,"column":55}}],"line":49},"6":{"loc":{"start":{"line":53,"column":4},"end":{"line":57,"column":5}},"type":"if","locations":[{"start":{"line":53,"column":4},"end":{"line":57,"column":5}},{"start":{"line":55,"column":11},"end":{"line":57,"column":5}}],"line":53},"7":{"loc":{"start":{"line":54,"column":45},"end":{"line":54,"column":124}},"type":"cond-expr","locations":[{"start":{"line":54,"column":74},"end":{"line":54,"column":81}},{"start":{"line":54,"column":84},"end":{"line":54,"column":124}}],"line":54}},"s":{"0":5,"1":5,"2":1,"3":4,"4":3,"5":4,"6":3,"7":1,"8":1,"9":1,"10":5,"11":5,"12":8,"13":8,"14":2,"15":8,"16":7,"17":1},"f":{"0":5,"1":1,"2":1,"3":5,"4":8},"b":{"0":[1,4],"1":[3,1],"2":[4,4],"3":[3,1],"4":[2,6],"5":[8,3],"6":[7,1],"7":[2,5]},"_coverageSchema":"1a1c01bbd47fc00a2c39e90264f33305004495a9","hash":"a3b12ab93b7cfd84302ccd976d09f2a5ba658a8e"}
}
