TN:
SF:src/walletJwt.js
FN:13,(anonymous_0)
FN:34,(anonymous_1)
FN:40,(anonymous_2)
FN:46,(anonymous_3)
FN:58,(anonymous_4)
FNF:5
FNH:5
FNDA:5,(anonymous_0)
FNDA:1,(anonymous_1)
FNDA:1,(anonymous_2)
FNDA:5,(anonymous_3)
FNDA:7,(anonymous_4)
DA:15,5
DA:16,5
DA:17,1
DA:21,4
DA:22,3
DA:25,4
DA:27,3
DA:29,1
DA:36,1
DA:42,1
DA:48,5
DA:49,5
DA:59,7
DA:61,7
DA:62,2
DA:63,2
DA:65,2
DA:68,7
LF:18
LH:18
BRDA:16,0,0,1
BRDA:16,0,1,4
BRDA:21,1,0,3
BRDA:21,1,1,1
BRDA:21,2,0,4
BRDA:21,2,1,4
BRDA:25,3,0,3
BRDA:25,3,1,1
BRDA:48,4,0,5
BRDA:48,4,1,0
BRDA:61,5,0,2
BRDA:61,5,1,5
BRDA:62,6,0,2
BRDA:62,6,1,0
BRDA:62,7,0,2
BRDA:62,7,1,2
BRF:16
BRH:14
end_of_record
