TN:
SF:src/walletJwt.js
FN:7,(anonymous_0)
FN:25,(anonymous_1)
FN:30,(anonymous_2)
FN:36,(anonymous_3)
FN:47,(anonymous_4)
FNF:5
FNH:5
FNDA:5,(anonymous_0)
FNDA:1,(anonymous_1)
FNDA:1,(anonymous_2)
FNDA:5,(anonymous_3)
FNDA:8,(anonymous_4)
DA:8,5
DA:9,5
DA:10,1
DA:13,4
DA:14,3
DA:16,4
DA:18,3
DA:20,1
DA:26,1
DA:32,1
DA:37,5
DA:38,5
DA:48,8
DA:49,8
DA:50,2
DA:53,8
DA:54,7
DA:56,1
LF:18
LH:18
BRDA:9,0,0,1
BRDA:9,0,1,4
BRDA:13,1,0,3
BRDA:13,1,1,1
BRDA:13,2,0,4
BRDA:13,2,1,4
BRDA:16,3,0,3
BRDA:16,3,1,1
BRDA:49,4,0,2
BRDA:49,4,1,6
BRDA:49,5,0,8
BRDA:49,5,1,3
BRDA:53,6,0,7
BRDA:53,6,1,1
BRDA:54,7,0,2
BRDA:54,7,1,5
BRF:16
BRH:16
end_of_record
